{"time": "2025-09-23 18:44:28", "message": "Automation saves time and reduces errors."}
{"time": "2025-09-23 18:44:38", "message": "Good communication improves teamwork."}
{"time": "2025-09-23 18:44:46", "message": "Stay curious and keep exploring."}
{"time": "2025-09-23 18:44:56", "message": "Artificial Intelligence is the future of technology."}
{"time": "2025-09-23 18:44:58", "message": "Docker containers simplify deployment."}
{"time": "2025-09-23 18:45:03", "message": "Docker containers simplify deployment."}
{"time": "2025-09-23 18:45:09", "message": "Stay curious and keep exploring."}
{"time": "2025-09-23 18:45:14", "message": "I love programming in Python."}
{"time": "2025-09-23 18:46:19", "message": "Learning new things every day keeps you sharp."}
{"time": "2025-09-23 18:46:29", "message": "Fluentd makes log management easy."}
{"time": "2025-09-23 18:46:37", "message": "Consistency is key to mastering any skill."}
{"time": "2025-09-23 18:46:47", "message": "Docker containers simplify deployment."}
{"time": "2025-09-23 18:46:56", "message": "Always keep your code clean and readable."}
{"time": "2025-09-23 18:47:05", "message": "Docker containers simplify deployment."}
{"time": "2025-09-23 18:47:14", "message": "Understanding algorithms is essential."}
{"time": "2025-09-23 18:48:47", "message": "Consistency is key to mastering any skill."}
{"time": "2025-09-23 18:48:54", "message": "Data science is both challenging and rewarding."}
{"time": "2025-09-23 18:49:04", "message": "Innovation drives progress."}
{"time": "2025-09-23 18:49:13", "message": "Artificial Intelligence is the future of technology."}
{"time": "2025-09-23 18:49:20", "message": "Good communication improves teamwork."}
{"time": "2025-09-23 18:49:29", "message": "Writing tests improves software quality."}
{"time": "2025-09-23 18:49:37", "message": "Technology changes rapidly, adapt quickly."}
{"time": "2025-09-23 18:49:46", "message": "Writing tests improves software quality."}
{"time": "2025-09-23 18:49:55", "message": "I love programming in Python."}
{"time": "2025-09-23 18:50:03", "message": "Data science is both challenging and rewarding."}
{"time": "2025-09-23 18:50:09", "message": "Reading books expands your knowledge."}
{"time": "2025-09-23 18:50:19", "message": "Always keep your code clean and readable."}
{"time": "2025-09-23 18:50:29", "message": "Innovation drives progress."}
{"time": "2025-09-23 18:50:53", "message": "Good communication improves teamwork."}
{"time": "2025-09-23 18:51:03", "message": "Automation saves time and reduces errors."}
{"time": "2025-09-23 18:51:11", "message": "I love programming in Python."}
{"time": "2025-09-23 18:51:19", "message": "Automation saves time and reduces errors."}
{"time": "2025-09-23 18:51:25", "message": "Technology changes rapidly, adapt quickly."}
{"time": "2025-09-23 18:51:31", "message": "Always keep your code clean and readable."}
{"time": "2025-09-23 18:51:39", "message": "Docker containers simplify deployment."}
{"time": "2025-09-23 18:51:46", "message": "Stay curious and keep exploring."}
{"time": "2025-09-23 18:51:53", "message": "Understanding algorithms is essential."}
{"time": "2025-09-23 18:51:58", "message": "Learning new things every day keeps you sharp."}
{"time": "2025-09-23 18:52:05", "message": "Innovation drives progress."}
{"time": "2025-09-23 18:52:13", "message": "Fluentd makes log management easy."}
{"time": "2025-09-23 18:52:20", "message": "Consistency is key to mastering any skill."}
{"time": "2025-09-23 18:52:27", "message": "Collaboration leads to better solutions."}
{"time": "2025-09-23 18:52:36", "message": "Learning new things every day keeps you sharp."}
{"time": "2025-09-23 18:52:43", "message": "Practice makes perfect."}
{"time": "2025-09-23 18:52:48", "message": "The quick brown fox jumps over the lazy dog."}
{"time": "2025-09-23 18:52:56", "message": "Understanding algorithms is essential."}
{"time": "2025-09-23 18:53:57", "message": "Writing tests improves software quality."}
{"time": "2025-09-23 18:54:04", "message": "Learning new things every day keeps you sharp."}
{"time": "2025-09-23 18:54:13", "message": "Understanding algorithms is essential."}
{"time": "2025-09-23 18:54:22", "message": "Understanding algorithms is essential."}
{"time": "2025-09-23 18:54:26", "message": "Reading books expands your knowledge."}
{"time": "2025-09-23 18:54:36", "message": "The quick brown fox jumps over the lazy dog."}
{"time": "2025-09-23 18:54:44", "message": "Automation saves time and reduces errors."}
{"time": "2025-09-23 18:54:49", "message": "I love programming in Python."}
